[2025-02-21T18:21:04.102] [INFO] default - Loading MobileNetV2 model...
[2025-02-21T18:21:04.114] [ERROR] default - Error loading model:  Error: Path /Users/malithlekamge/Documents/DevProjects/SellYourIphone/FYP-BACKEND/FYP_server/src/models/mobilenetv2/model.json does not exist: loading failed
    at /Users/malithlekamge/Documents/DevProjects/SellYourIphone/FYP-BACKEND/FYP_server/node_modules/@tensorflow/tfjs-node/dist/io/file_system.js:69:23
[2025-02-21T18:25:19.462] [INFO] default - Loading MobileNetV2 model...
[2025-02-21T18:25:19.472] [ERROR] default - Error loading model:  Error: Path /Users/malithlekamge/Documents/DevProjects/SellYourIphone/FYP-BACKEND/FYP_server/src/models/mobilenetv2/model.json does not exist: loading failed
    at /Users/malithlekamge/Documents/DevProjects/SellYourIphone/FYP-BACKEND/FYP_server/node_modules/@tensorflow/tfjs-node/dist/io/file_system.js:69:23
[2025-02-21T18:26:30.015] [INFO] default - Loading MobileNetV2 model...
[2025-02-21T18:26:30.024] [ERROR] default - Error loading model:  Error: Path /Users/malithlekamge/Documents/DevProjects/SellYourIphone/FYP-BACKEND/FYP_server/src/models/mobilenetv2/model.json does not exist: loading failed
    at /Users/malithlekamge/Documents/DevProjects/SellYourIphone/FYP-BACKEND/FYP_server/node_modules/@tensorflow/tfjs-node/dist/io/file_system.js:69:23
[2025-02-21T18:47:12.302] [INFO] default - Loading MobileNetV2 model...
[2025-02-21T18:47:12.316] [ERROR] default - Error loading model:  TypeError: Cannot read properties of undefined (reading 'model_config')
    at /Users/malithlekamge/Documents/DevProjects/SellYourIphone/FYP-BACKEND/FYP_server/node_modules/@tensorflow/tfjs-layers/dist/tf-layers.node.js:25779:38
    at step (/Users/malithlekamge/Documents/DevProjects/SellYourIphone/FYP-BACKEND/FYP_server/node_modules/@tensorflow/tfjs-layers/dist/tf-layers.node.js:159:27)
    at Object.next (/Users/malithlekamge/Documents/DevProjects/SellYourIphone/FYP-BACKEND/FYP_server/node_modules/@tensorflow/tfjs-layers/dist/tf-layers.node.js:108:53)
    at fulfilled (/Users/malithlekamge/Documents/DevProjects/SellYourIphone/FYP-BACKEND/FYP_server/node_modules/@tensorflow/tfjs-layers/dist/tf-layers.node.js:89:28)
[2025-02-21T18:48:33.073] [INFO] default - Loading MobileNetV2 model...
[2025-02-21T18:48:33.087] [ERROR] default - Error loading model:  TypeError: Cannot read properties of undefined (reading 'model_config')
    at /Users/malithlekamge/Documents/DevProjects/SellYourIphone/FYP-BACKEND/FYP_server/node_modules/@tensorflow/tfjs-layers/dist/tf-layers.node.js:25779:38
    at step (/Users/malithlekamge/Documents/DevProjects/SellYourIphone/FYP-BACKEND/FYP_server/node_modules/@tensorflow/tfjs-layers/dist/tf-layers.node.js:159:27)
    at Object.next (/Users/malithlekamge/Documents/DevProjects/SellYourIphone/FYP-BACKEND/FYP_server/node_modules/@tensorflow/tfjs-layers/dist/tf-layers.node.js:108:53)
    at fulfilled (/Users/malithlekamge/Documents/DevProjects/SellYourIphone/FYP-BACKEND/FYP_server/node_modules/@tensorflow/tfjs-layers/dist/tf-layers.node.js:89:28)
[2025-02-21T22:51:51.870] [INFO] default - Loading MobileNetV2 model...
[2025-02-21T22:51:51.883] [ERROR] default - Error loading model:  TypeError: Cannot read properties of undefined (reading 'model_config')
    at /Users/malithlekamge/Documents/DevProjects/SellYourIphone/FYP-BACKEND/FYP_server/node_modules/@tensorflow/tfjs-layers/dist/tf-layers.node.js:25779:38
    at step (/Users/malithlekamge/Documents/DevProjects/SellYourIphone/FYP-BACKEND/FYP_server/node_modules/@tensorflow/tfjs-layers/dist/tf-layers.node.js:159:27)
    at Object.next (/Users/malithlekamge/Documents/DevProjects/SellYourIphone/FYP-BACKEND/FYP_server/node_modules/@tensorflow/tfjs-layers/dist/tf-layers.node.js:108:53)
    at fulfilled (/Users/malithlekamge/Documents/DevProjects/SellYourIphone/FYP-BACKEND/FYP_server/node_modules/@tensorflow/tfjs-layers/dist/tf-layers.node.js:89:28)
[2025-02-21T23:08:01.909] [INFO] default - Loading MobileNetV2 model...
[2025-02-21T23:08:01.923] [ERROR] default - Error loading model:  TypeError: Cannot read properties of undefined (reading 'model_config')
    at /Users/malithlekamge/Documents/DevProjects/SellYourIphone/FYP-BACKEND/FYP_server/node_modules/@tensorflow/tfjs-layers/dist/tf-layers.node.js:25779:38
    at step (/Users/malithlekamge/Documents/DevProjects/SellYourIphone/FYP-BACKEND/FYP_server/node_modules/@tensorflow/tfjs-layers/dist/tf-layers.node.js:159:27)
    at Object.next (/Users/malithlekamge/Documents/DevProjects/SellYourIphone/FYP-BACKEND/FYP_server/node_modules/@tensorflow/tfjs-layers/dist/tf-layers.node.js:108:53)
    at fulfilled (/Users/malithlekamge/Documents/DevProjects/SellYourIphone/FYP-BACKEND/FYP_server/node_modules/@tensorflow/tfjs-layers/dist/tf-layers.node.js:89:28)
[2025-03-06T10:52:23.967] [TRACE] default - [userController] :: createUser() : Start
[2025-03-06T10:54:30.625] [TRACE] default - [roleController] :: createRole() : Start
[2025-03-06T10:54:30.840] [TRACE] default - [roleController] :: createRole() : End
[2025-03-06T10:55:57.407] [TRACE] default - [userController] :: createUser() : Start
[2025-03-06T10:57:20.224] [TRACE] default - [userController] :: createUser() : Start
[2025-03-06T10:58:24.890] [TRACE] default - [userController] :: createUser() : Start
[2025-03-06T10:58:25.254] [TRACE] default - [userController] :: createUser() : End
[2025-03-06T10:59:53.626] [TRACE] default - [userController] :: createUser() : Start
[2025-03-06T10:59:53.926] [TRACE] default - [userController] :: createUser() : End
[2025-03-06T11:00:31.299] [TRACE] default - [userController] :: createUser() : Start
[2025-03-06T11:00:31.610] [TRACE] default - [userController] :: createUser() : End
[2025-03-06T11:04:58.728] [TRACE] default - [userController] :: createUser() : Start
[2025-03-06T11:04:59.052] [TRACE] default - [userController] :: createUser() : End
[2025-03-06T11:22:19.682] [TRACE] default - [authController] :: authenticate() : Start
[2025-03-06T11:23:13.679] [TRACE] default - [authController] :: authenticate() : Start
[2025-03-06T11:23:26.039] [TRACE] default - [authController] :: authenticate() : Start
[2025-03-06T11:23:26.367] [TRACE] default - [authController] :: authenticate() : End
[2025-03-06T11:24:35.627] [TRACE] default - [authController] :: authenticate() : Start
[2025-03-06T11:24:35.926] [TRACE] default - [authController] :: authenticate() : End
[2025-03-06T11:32:36.611] [TRACE] default - [authController] :: authenticate() : Start
[2025-03-06T11:32:36.894] [TRACE] default - [authController] :: authenticate() : End
[2025-03-06T11:35:04.678] [TRACE] default - [authController] :: authenticate() : Start
[2025-03-06T11:35:04.989] [TRACE] default - [authController] :: authenticate() : End
[2025-03-06T11:37:29.256] [TRACE] default - [authController] :: authenticate() : Start
[2025-03-06T11:37:29.575] [TRACE] default - [authController] :: authenticate() : End
[2025-03-06T11:37:46.897] [TRACE] default - [authController] :: authenticate() : Start
[2025-03-06T11:37:47.200] [TRACE] default - [authController] :: authenticate() : End
[2025-03-06T11:37:47.787] [TRACE] default - [authController] :: authenticate() : Start
[2025-03-06T11:37:48.055] [TRACE] default - [authController] :: authenticate() : End
[2025-03-06T12:27:14.676] [TRACE] default - [authController] :: authenticate() : Start
[2025-03-06T12:27:14.985] [TRACE] default - [authController] :: authenticate() : End
[2025-03-06T12:53:35.019] [TRACE] default - [authController] :: authenticate() : Start
[2025-03-06T12:53:35.337] [TRACE] default - [authController] :: authenticate() : End
[2025-03-06T12:53:54.066] [TRACE] default - [authController] :: authenticate() : Start
[2025-03-06T12:53:54.163] [ERROR] default - [authController] :: authenticate() : Unauthorized user
[2025-03-06T12:54:00.055] [TRACE] default - [authController] :: authenticate() : Start
[2025-03-06T12:54:00.347] [TRACE] default - [authController] :: authenticate() : End
[2025-03-06T12:55:37.515] [TRACE] default - [authController] :: authenticate() : Start
[2025-03-06T12:55:37.819] [TRACE] default - [authController] :: authenticate() : End
[2025-03-06T12:55:46.176] [TRACE] default - [authController] :: authenticate() : Start
[2025-03-06T12:55:46.271] [ERROR] default - [authController] :: authenticate() : Unauthorized user
[2025-03-06T12:55:49.176] [TRACE] default - [authController] :: authenticate() : Start
[2025-03-06T12:55:49.335] [ERROR] default - [authController] :: authenticate() : Unauthorized user
[2025-03-06T12:56:19.029] [TRACE] default - [authController] :: authenticate() : Start
[2025-03-06T12:56:19.332] [TRACE] default - [authController] :: authenticate() : End
[2025-03-06T13:25:25.124] [TRACE] default - [authController] :: authenticate() : Start
[2025-03-06T13:25:25.427] [TRACE] default - [authController] :: authenticate() : End
[2025-03-06T13:38:01.232] [TRACE] default - [userController] :: createUser() : Start
[2025-03-06T13:38:01.327] [ERROR] default - [userController] :: createUser() : Username already exists
[2025-03-06T13:38:28.110] [TRACE] default - [userController] :: createUser() : Start
[2025-03-06T13:38:28.426] [TRACE] default - [userController] :: createUser() : End
[2025-03-06T20:10:00.919] [TRACE] default - [authController] :: authenticate() : Start
[2025-03-06T20:10:02.034] [TRACE] default - [authController] :: authenticate() : End
[2025-03-06T20:14:13.518] [TRACE] default - [authController] :: authenticate() : Start
[2025-03-06T20:14:13.852] [TRACE] default - [authController] :: authenticate() : End
[2025-03-06T21:20:27.598] [TRACE] default - [authController] :: authenticate() : Start
[2025-03-06T21:20:27.929] [TRACE] default - [authController] :: authenticate() : End
[2025-03-06T21:20:59.406] [TRACE] default - [authController] :: authenticate() : Start
[2025-03-06T21:20:59.709] [TRACE] default - [authController] :: authenticate() : End
[2025-03-06T21:35:43.409] [TRACE] default - [authController] :: authenticate() : Start
[2025-03-06T21:35:43.727] [TRACE] default - [authController] :: authenticate() : End
[2025-03-06T21:36:53.737] [TRACE] default - [authController] :: authenticate() : Start
[2025-03-06T21:36:54.044] [TRACE] default - [authController] :: authenticate() : End
[2025-03-06T21:43:44.511] [TRACE] default - [authController] :: authenticate() : Start
[2025-03-06T21:43:44.835] [TRACE] default - [authController] :: authenticate() : End
[2025-03-06T21:44:45.647] [TRACE] default - [authController] :: authenticate() : Start
[2025-03-06T21:44:45.952] [TRACE] default - [authController] :: authenticate() : End
[2025-03-07T06:21:09.221] [TRACE] default - [authController] :: authenticate() : Start
[2025-03-07T06:21:10.117] [ERROR] default - [authController] :: authenticate() : Unauthorized user
[2025-03-07T06:22:08.817] [TRACE] default - [authController] :: authenticate() : Start
[2025-03-07T06:22:09.128] [TRACE] default - [authController] :: authenticate() : End
[2025-03-07T07:53:39.802] [TRACE] default - [authController] :: authenticate() : Start
[2025-03-07T07:53:40.153] [TRACE] default - [authController] :: authenticate() : End
[2025-03-07T07:55:16.620] [TRACE] default - [authController] :: authenticate() : Start
[2025-03-07T07:55:16.912] [TRACE] default - [authController] :: authenticate() : End
[2025-03-07T08:14:34.068] [TRACE] default - [authController] :: authenticate() : Start
[2025-03-07T08:14:34.389] [TRACE] default - [authController] :: authenticate() : End
[2025-03-07T08:45:06.859] [TRACE] default - [authController] :: authenticate() : Start
[2025-03-07T08:45:07.204] [TRACE] default - [authController] :: authenticate() : End
[2025-03-07T08:56:07.492] [TRACE] default - [authController] :: authenticate() : Start
[2025-03-07T08:56:07.812] [TRACE] default - [authController] :: authenticate() : End
[2025-03-07T10:52:07.108] [TRACE] default - [authController] :: authenticate() : Start
[2025-03-07T10:52:07.471] [TRACE] default - [authController] :: authenticate() : End
[2025-03-08T07:45:01.670] [TRACE] default - [authController] :: authenticate() : Start
[2025-03-08T07:45:03.682] [TRACE] default - [authController] :: authenticate() : End
[2025-03-08T12:02:29.459] [TRACE] default - [authController] :: authenticate() : Start
[2025-03-08T12:02:30.766] [TRACE] default - [authController] :: authenticate() : End
[2025-03-08T13:00:19.077] [TRACE] default - [authController] :: authenticate() : Start
[2025-03-08T13:00:19.422] [TRACE] default - [authController] :: authenticate() : End
[2025-03-08T13:00:30.224] [TRACE] default - [authController] :: authenticate() : Start
[2025-03-08T13:00:30.534] [TRACE] default - [authController] :: authenticate() : End
[2025-03-08T19:18:38.035] [TRACE] default - [authController] :: authenticate() : Start
[2025-03-08T19:18:39.118] [TRACE] default - [authController] :: authenticate() : End
[2025-03-10T14:18:14.495] [TRACE] default - [authController] :: authenticate() : Start
[2025-03-10T14:18:15.003] [TRACE] default - [authController] :: authenticate() : End
[2025-03-12T16:26:01.927] [TRACE] default - [authController] :: authenticate() : Start
[2025-03-12T16:26:02.271] [TRACE] default - [authController] :: authenticate() : End
[2025-03-12T17:39:52.788] [TRACE] default - [authController] :: authenticate() : Start
[2025-03-12T17:39:53.114] [TRACE] default - [authController] :: authenticate() : End
[2025-03-12T17:40:54.294] [TRACE] default - [authController] :: authenticate() : Start
[2025-03-12T17:40:54.604] [TRACE] default - [authController] :: authenticate() : End
[2025-03-12T17:41:17.259] [TRACE] default - [authController] :: authenticate() : Start
[2025-03-12T17:41:17.534] [TRACE] default - [authController] :: authenticate() : End
[2025-03-15T09:05:38.240] [TRACE] default - [authController] :: authenticate() : Start
[2025-03-15T09:05:38.614] [TRACE] default - [authController] :: authenticate() : End
[2025-03-15T09:19:52.350] [TRACE] default - [authController] :: authenticate() : Start
[2025-03-15T09:19:52.796] [TRACE] default - [authController] :: authenticate() : End
[2025-03-16T22:54:59.027] [TRACE] default - [authController] :: authenticate() : Start
[2025-03-16T22:54:59.393] [TRACE] default - [authController] :: authenticate() : End
[2025-03-17T00:51:55.304] [TRACE] default - [authController] :: authenticate() : Start
[2025-03-17T00:51:55.658] [TRACE] default - [authController] :: authenticate() : End
[2025-03-17T09:01:18.038] [TRACE] default - [authController] :: authenticate() : Start
[2025-03-17T09:01:19.148] [TRACE] default - [authController] :: authenticate() : End
[2025-03-17T19:23:33.174] [TRACE] default - [authController] :: authenticate() : Start
[2025-03-17T19:23:33.724] [TRACE] default - [authController] :: authenticate() : End
[2025-03-17T19:24:03.087] [TRACE] default - [authController] :: authenticate() : Start
[2025-03-17T19:24:03.395] [TRACE] default - [authController] :: authenticate() : End
[2025-03-21T10:22:07.926] [TRACE] default - [authController] :: authenticate() : Start
[2025-03-21T10:22:08.276] [TRACE] default - [authController] :: authenticate() : End
[2025-03-21T10:22:17.177] [TRACE] default - [authController] :: authenticate() : Start
[2025-03-21T10:22:17.505] [TRACE] default - [authController] :: authenticate() : End
[2025-03-24T12:27:04.082] [TRACE] default - [authController] :: authenticate() : Start
[2025-03-24T12:27:04.421] [TRACE] default - [authController] :: authenticate() : End
[2025-03-26T17:57:06.267] [TRACE] default - [authController] :: authenticate() : Start
[2025-03-26T17:57:06.690] [TRACE] default - [authController] :: authenticate() : End
[2025-03-26T21:52:14.454] [TRACE] default - [authController] :: authenticate() : Start
[2025-03-26T21:52:14.900] [TRACE] default - [authController] :: authenticate() : End
[2025-04-11T14:47:01.659] [TRACE] default - [userController] :: createUser() : Start
[2025-04-11T14:47:02.303] [TRACE] default - [userController] :: createUser() : End
[2025-04-11T14:47:18.603] [TRACE] default - [authController] :: authenticate() : Start
[2025-04-11T14:47:18.943] [TRACE] default - [authController] :: authenticate() : End
[2025-04-12T00:01:58.096] [TRACE] default - [authController] :: authenticate() : Start
[2025-04-12T00:01:58.436] [TRACE] default - [authController] :: authenticate() : End
[2025-04-12T08:26:21.495] [TRACE] default - [authController] :: authenticate() : Start
[2025-04-12T08:26:21.911] [TRACE] default - [authController] :: authenticate() : End
